Performing C SOURCE FILE Test FEATURE_ssse3_NOFLAG failed with the following output:
Change Dir: /home/itfa/xmrig/build/CMakeFiles/CMakeTmp

Run Build Command:"/usr/bin/make" "cmTC_5262c/fast"
/usr/bin/make -f CMakeFiles/cmTC_5262c.dir/build.make CMakeFiles/cmTC_5262c.dir/build
make[1]: Entering directory '/home/itfa/xmrig/build/CMakeFiles/CMakeTmp'
Building C object CMakeFiles/cmTC_5262c.dir/src.c.o
/usr/bin/cc    -Wall -Wno-strict-aliasing -maes -DFEATURE_ssse3_NOFLAG   -o CMakeFiles/cmTC_5262c.dir/src.c.o   -c /home/itfa/xmrig/build/CMakeFiles/CMakeTmp/src.c
In file included from /usr/lib/gcc/x86_64-linux-gnu/5/include/x86intrin.h:37:0,
                 from /home/itfa/xmrig/build/CMakeFiles/CMakeTmp/src.c:1:
/home/itfa/xmrig/build/CMakeFiles/CMakeTmp/src.c: In function ‘function_ssse3’:
/usr/lib/gcc/x86_64-linux-gnu/5/include/tmmintrin.h:136:1: error: inlining failed in call to always_inline ‘_mm_shuffle_epi8’: target specific option mismatch
 _mm_shuffle_epi8 (__m128i __X, __m128i __Y)
 ^
/home/itfa/xmrig/build/CMakeFiles/CMakeTmp/src.c:5:12: error: called from here
     *dst = _mm_shuffle_epi8(*a, *b);
            ^
CMakeFiles/cmTC_5262c.dir/build.make:65: recipe for target 'CMakeFiles/cmTC_5262c.dir/src.c.o' failed
make[1]: *** [CMakeFiles/cmTC_5262c.dir/src.c.o] Error 1
make[1]: Leaving directory '/home/itfa/xmrig/build/CMakeFiles/CMakeTmp'
Makefile:126: recipe for target 'cmTC_5262c/fast' failed
make: *** [cmTC_5262c/fast] Error 2

Source file was:
#include <x86intrin.h>

void function_ssse3(__m128i *dst, const __m128i *a, const __m128i *b)
{
    *dst = _mm_shuffle_epi8(*a, *b);
}

int main(void) { return 0; }

Performing C SOURCE FILE Test FEATURE_xop_NOFLAG failed with the following output:
Change Dir: /home/itfa/xmrig/build/CMakeFiles/CMakeTmp

Run Build Command:"/usr/bin/make" "cmTC_a4aa7/fast"
/usr/bin/make -f CMakeFiles/cmTC_a4aa7.dir/build.make CMakeFiles/cmTC_a4aa7.dir/build
make[1]: Entering directory '/home/itfa/xmrig/build/CMakeFiles/CMakeTmp'
Building C object CMakeFiles/cmTC_a4aa7.dir/src.c.o
/usr/bin/cc    -Wall -Wno-strict-aliasing -maes -DFEATURE_xop_NOFLAG   -o CMakeFiles/cmTC_a4aa7.dir/src.c.o   -c /home/itfa/xmrig/build/CMakeFiles/CMakeTmp/src.c
In file included from /usr/lib/gcc/x86_64-linux-gnu/5/include/x86intrin.h:52:0,
                 from /home/itfa/xmrig/build/CMakeFiles/CMakeTmp/src.c:1:
/home/itfa/xmrig/build/CMakeFiles/CMakeTmp/src.c: In function ‘function_xop’:
/home/itfa/xmrig/build/CMakeFiles/CMakeTmp/src.c:5:12: error: ‘__builtin_ia32_vprotqi’ needs isa option -m32 -mxop
     *dst = _mm_roti_epi64(*a, b);
            ^
CMakeFiles/cmTC_a4aa7.dir/build.make:65: recipe for target 'CMakeFiles/cmTC_a4aa7.dir/src.c.o' failed
make[1]: *** [CMakeFiles/cmTC_a4aa7.dir/src.c.o] Error 1
make[1]: Leaving directory '/home/itfa/xmrig/build/CMakeFiles/CMakeTmp'
Makefile:126: recipe for target 'cmTC_a4aa7/fast' failed
make: *** [cmTC_a4aa7/fast] Error 2

Source file was:
#include <x86intrin.h>

void function_xop(__m128i *dst, const __m128i *a, int b)
{
    *dst = _mm_roti_epi64(*a, b);
}

int main(void) { return 0; }

Performing C SOURCE FILE Test FEATURE_avx2_NOFLAG failed with the following output:
Change Dir: /home/itfa/xmrig/build/CMakeFiles/CMakeTmp

Run Build Command:"/usr/bin/make" "cmTC_63dec/fast"
/usr/bin/make -f CMakeFiles/cmTC_63dec.dir/build.make CMakeFiles/cmTC_63dec.dir/build
make[1]: Entering directory '/home/itfa/xmrig/build/CMakeFiles/CMakeTmp'
Building C object CMakeFiles/cmTC_63dec.dir/src.c.o
/usr/bin/cc    -Wall -Wno-strict-aliasing -maes -DFEATURE_avx2_NOFLAG   -o CMakeFiles/cmTC_63dec.dir/src.c.o   -c /home/itfa/xmrig/build/CMakeFiles/CMakeTmp/src.c
/home/itfa/xmrig/build/CMakeFiles/CMakeTmp/src.c: In function ‘function_avx2’:
/home/itfa/xmrig/build/CMakeFiles/CMakeTmp/src.c:5:10: warning: AVX vector return without AVX enabled changes the ABI [-Wpsabi]
     *dst = _mm256_xor_si256(*a, *b);
          ^
In file included from /usr/lib/gcc/x86_64-linux-gnu/5/include/immintrin.h:43:0,
                 from /usr/lib/gcc/x86_64-linux-gnu/5/include/x86intrin.h:46,
                 from /home/itfa/xmrig/build/CMakeFiles/CMakeTmp/src.c:1:
/usr/lib/gcc/x86_64-linux-gnu/5/include/avx2intrin.h:913:1: error: inlining failed in call to always_inline ‘_mm256_xor_si256’: target specific option mismatch
 _mm256_xor_si256 (__m256i __A, __m256i __B)
 ^
/home/itfa/xmrig/build/CMakeFiles/CMakeTmp/src.c:5:12: error: called from here
     *dst = _mm256_xor_si256(*a, *b);
            ^
CMakeFiles/cmTC_63dec.dir/build.make:65: recipe for target 'CMakeFiles/cmTC_63dec.dir/src.c.o' failed
make[1]: *** [CMakeFiles/cmTC_63dec.dir/src.c.o] Error 1
make[1]: Leaving directory '/home/itfa/xmrig/build/CMakeFiles/CMakeTmp'
Makefile:126: recipe for target 'cmTC_63dec/fast' failed
make: *** [cmTC_63dec/fast] Error 2

Source file was:
#include <x86intrin.h>

void function_avx2(__m256i *dst, const __m256i *a, const __m256i *b)
{
    *dst = _mm256_xor_si256(*a, *b);
}

int main(void) { return 0; }

Performing C SOURCE FILE Test FEATURE_avx512f_NOFLAG failed with the following output:
Change Dir: /home/itfa/xmrig/build/CMakeFiles/CMakeTmp

Run Build Command:"/usr/bin/make" "cmTC_687a6/fast"
/usr/bin/make -f CMakeFiles/cmTC_687a6.dir/build.make CMakeFiles/cmTC_687a6.dir/build
make[1]: Entering directory '/home/itfa/xmrig/build/CMakeFiles/CMakeTmp'
Building C object CMakeFiles/cmTC_687a6.dir/src.c.o
/usr/bin/cc    -Wall -Wno-strict-aliasing -maes -DFEATURE_avx512f_NOFLAG   -o CMakeFiles/cmTC_687a6.dir/src.c.o   -c /home/itfa/xmrig/build/CMakeFiles/CMakeTmp/src.c
In file included from /usr/lib/gcc/x86_64-linux-gnu/5/include/immintrin.h:45:0,
                 from /usr/lib/gcc/x86_64-linux-gnu/5/include/x86intrin.h:46,
                 from /home/itfa/xmrig/build/CMakeFiles/CMakeTmp/src.c:1:
/home/itfa/xmrig/build/CMakeFiles/CMakeTmp/src.c: In function ‘function_avx512f’:
/usr/lib/gcc/x86_64-linux-gnu/5/include/avx512fintrin.h:133:1: error: inlining failed in call to always_inline ‘_mm512_undefined_si512’: target specific option mismatch
 _mm512_undefined_si512 (void)
 ^
/home/itfa/xmrig/build/CMakeFiles/CMakeTmp/src.c:5:12: error: called from here
     *dst = _mm512_ror_epi64(*a, 57);
            ^
CMakeFiles/cmTC_687a6.dir/build.make:65: recipe for target 'CMakeFiles/cmTC_687a6.dir/src.c.o' failed
make[1]: *** [CMakeFiles/cmTC_687a6.dir/src.c.o] Error 1
make[1]: Leaving directory '/home/itfa/xmrig/build/CMakeFiles/CMakeTmp'
Makefile:126: recipe for target 'cmTC_687a6/fast' failed
make: *** [cmTC_687a6/fast] Error 2

Source file was:
#include <x86intrin.h>

void function_avx512f(__m512i *dst, const __m512i *a)
{
    *dst = _mm512_ror_epi64(*a, 57);
}

int main(void) { return 0; }

